-------------------------------------------------------------------------------
Test set: test.java.UserInterfaceTest
-------------------------------------------------------------------------------
Tests run: 1, Failures: 1, Errors: 0, Skipped: 0, Time elapsed: 0.121 s <<< FAILURE! - in test.java.UserInterfaceTest
paintComponent  Time elapsed: 0.121 s  <<< FAILURE!
org.opentest4j.AssertionFailedError: expected: <WIN> but was: <START>
	at test.java.UserInterfaceTest.paintComponent(User_interfaceTest.java:17)

